<?xml version="1.0" encoding="utf-8"?><testsuites name="pytest tests"><testsuite name="pytest" errors="0" failures="0" skipped="0" tests="41" time="7.723" timestamp="2026-03-02T19:52:31.356711+00:00" hostname="agent-env-2d59a9a6-c7d1-405b-b453-2cbec8d53c01"><testcase classname="tests.test_truck_service_api.TestHealth" name="test_api_health" time="0.306" /><testcase classname="tests.test_truck_service_api.TestHealth" name="test_api_root" time="0.147" /><testcase classname="tests.test_truck_service_api.TestAuth" name="test_login_success" time="0.378" /><testcase classname="tests.test_truck_service_api.TestAuth" name="test_login_invalid_credentials" time="0.139" /><testcase classname="tests.test_truck_service_api.TestDashboard" name="test_dashboard_summary" time="0.135" /><testcase classname="tests.test_truck_service_api.TestDashboard" name="test_dashboard_summary_requires_auth" time="0.148" /><testcase classname="tests.test_truck_service_api.TestWorkOrders" name="test_get_all_work_orders" time="0.144" /><testcase classname="tests.test_truck_service_api.TestWorkOrders" name="test_filter_work_orders_by_status" time="0.115" /><testcase classname="tests.test_truck_service_api.TestWorkOrders" name="test_update_work_order_status" time="0.294" /><testcase classname="tests.test_truck_service_api.TestWorkOrders" name="test_update_work_order_approval" time="0.337" /><testcase classname="tests.test_truck_service_api.TestCustomers" name="test_get_all_customers" time="0.117" /><testcase classname="tests.test_truck_service_api.TestCustomers" name="test_get_customer_detail" time="0.296" /><testcase classname="tests.test_truck_service_api.TestCustomers" name="test_get_customer_not_found" time="0.133" /><testcase classname="tests.test_truck_service_api.TestTrucks" name="test_get_all_trucks" time="0.118" /><testcase classname="tests.test_truck_service_api.TestTrucks" name="test_get_trucks_by_customer" time="0.240" /><testcase classname="tests.test_truck_service_api.TestTechnicians" name="test_get_all_technicians" time="0.122" /><testcase classname="tests.test_truck_service_api.TestTechnicians" name="test_update_technician_skills" time="0.241" /><testcase classname="tests.test_truck_service_api.TestAppointments" name="test_get_all_appointments" time="0.140" /><testcase classname="tests.test_truck_service_api.TestAppointments" name="test_create_appointment" time="0.243" /><testcase classname="tests.test_truck_service_api.TestInspections" name="test_save_inspection" time="0.165" /><testcase classname="tests.test_truck_service_api.TestInventory" name="test_get_inventory" time="0.241" /><testcase classname="tests.test_truck_service_api.TestInventory" name="test_get_purchase_orders" time="0.115" /><testcase classname="tests.test_truck_service_api.TestInventory" name="test_auto_replenish_creates_po" time="0.231" /><testcase classname="tests.test_truck_service_api.TestPayments" name="test_get_payments" time="0.118" /><testcase classname="tests.test_truck_service_api.TestPayments" name="test_process_payment" time="0.125" /><testcase classname="tests.test_truck_service_api.TestLeads" name="test_get_leads" time="0.143" /><testcase classname="tests.test_truck_service_api.TestLeads" name="test_log_lead_interaction" time="0.274" /><testcase classname="tests.test_truck_service_api.TestReports" name="test_get_daily_report" time="0.116" /><testcase classname="tests.test_truck_service_api.TestReports" name="test_get_advanced_report" time="0.110" /><testcase classname="tests.test_truck_service_api.TestIntegrations" name="test_get_integrations" time="0.114" /><testcase classname="tests.test_truck_service_api.TestIntegrations" name="test_create_integration" time="0.116" /><testcase classname="tests.test_truck_service_api.TestIntegrations" name="test_test_integration_connection" time="0.229" /><testcase classname="tests.test_truck_service_api.TestIntegrations" name="test_sync_integration" time="0.237" /><testcase classname="tests.test_truck_service_api.TestCodeEditor" name="test_get_code_editor_page" time="0.138" /><testcase classname="tests.test_truck_service_api.TestCodeEditor" name="test_save_code_editor_page" time="0.266" /><testcase classname="tests.test_truck_service_api.TestOBD" name="test_obd_scan" time="0.252" /><testcase classname="tests.test_truck_service_api.TestOBD" name="test_create_repair_order_from_obd" time="0.116" /><testcase classname="tests.test_truck_service_api.TestUsers" name="test_get_users" time="0.113" /><testcase classname="tests.test_truck_service_api.TestUsers" name="test_update_user_tiles" time="0.217" /><testcase classname="tests.test_truck_service_api.TestDieselLaptops" name="test_dtc_lookup" time="0.126" /><testcase classname="tests.test_truck_service_api.TestDieselLaptops" name="test_parts_search" time="0.126" /></testsuite></testsuites>